[2019-01-17T00:07:18.018Z] [org.springframework.boot.StartupInfoLogger] [main] [50] [INFO ] Starting SoccerApplication on MSI with PID 3612 (E:\Codes\IDEA\soccer\target\classes started by 10390 in E:\Codes\IDEA\soccer)
[2019-01-17T00:07:18.018Z] [org.springframework.boot.SpringApplication] [main] [675] [INFO ] No active profile set, falling back to default profiles: default
[2019-01-17T00:07:19.019Z] [com.mchange.v2.log.slf4j.Slf4jMLog$Slf4jMLogger$InfoLogger] [MLog-Init-Reporter] [212] [INFO ] MLog clients using slf4j logging.
[2019-01-17T00:07:19.019Z] [com.mchange.v2.log.slf4j.Slf4jMLog$Slf4jMLogger$InfoLogger] [main] [212] [INFO ] Initializing c3p0-0.9.5.2 [built 08-December-2015 22:06:04 -0800; debug? true; trace: 10]
[2019-01-17T00:07:19.019Z] [org.springframework.boot.web.embedded.tomcat.TomcatWebServer] [main] [90] [INFO ] Tomcat initialized with port(s): 8080 (http)
[2019-01-17T00:07:19.019Z] [org.apache.juli.logging.DirectJDKLog] [main] [173] [INFO ] Initializing ProtocolHandler ["http-nio-8080"]
[2019-01-17T00:07:19.019Z] [org.apache.juli.logging.DirectJDKLog] [main] [173] [INFO ] Starting service [Tomcat]
[2019-01-17T00:07:19.019Z] [org.apache.juli.logging.DirectJDKLog] [main] [173] [INFO ] Starting Servlet Engine: Apache Tomcat/9.0.13
[2019-01-17T00:07:19.019Z] [org.apache.juli.logging.DirectJDKLog] [main] [173] [INFO ] The APR based Apache Tomcat Native library which allows optimal performance in production environments was not found on the java.library.path: [D:\Java\Java8\Jdk8\bin;C:\WINDOWS\Sun\Java\bin;C:\WINDOWS\system32;C:\WINDOWS;C:\Program Files (x86)\Common Files\Oracle\Java\javapath;C:\Program Files (x86)\Intel\iCLS Client\;C:\Program Files\Intel\iCLS Client\;C:\Windows\system32;C:\Windows;C:\Windows\System32\Wbem;C:\Windows\System32\WindowsPowerShell\v1.0\;C:\Program Files (x86)\Intel\Intel(R) Management Engine Components\DAL;C:\Program Files\Intel\Intel(R) Management Engine Components\DAL;C:\Program Files (x86)\Intel\Intel(R) Management Engine Components\IPT;C:\Program Files\Intel\Intel(R) Management Engine Components\IPT;C:\Program Files (x86)\NVIDIA Corporation\PhysX\Common;C:\WINDOWS\system32;C:\WINDOWS;C:\WINDOWS\System32\Wbem;C:\WINDOWS\System32\WindowsPowerShell\v1.0\;C:\WINDOWS\System32\OpenSSH\;D:\Java\Java8\Jdk8\bin\;D:\Java\Java8\Jdk8\jre\bin\;D:\Matlab\runtime\win64;D:\Matlab\bin;D:\SPSS\JRE\bin;D:\MySql\Server\MySQL Server 8.0\bin;D:\Git\cmd;D:\Python\Scripts\;D:\Python\;C:\Users\10390\AppData\Local\Microsoft\WindowsApps;;D:\Filder\Fiddler;%USERPROFILE%\AppData\Local\Microsoft\WindowsApps;.]
[2019-01-17T00:07:19.019Z] [org.apache.juli.logging.DirectJDKLog] [main] [173] [INFO ] Initializing Spring embedded WebApplicationContext
[2019-01-17T00:07:19.019Z] [org.springframework.boot.web.servlet.context.ServletWebServerApplicationContext] [main] [296] [INFO ] Root WebApplicationContext: initialization completed in 1171 ms
[2019-01-17T00:07:20.020Z] [org.springframework.scheduling.concurrent.ExecutorConfigurationSupport] [main] [171] [INFO ] Initializing ExecutorService 'applicationTaskExecutor'
[2019-01-17T00:07:20.020Z] [org.springframework.boot.autoconfigure.web.servlet.WelcomePageHandlerMapping] [main] [56] [INFO ] Adding welcome page: class path resource [static/index.html]
[2019-01-17T00:07:20.020Z] [org.apache.juli.logging.DirectJDKLog] [main] [173] [INFO ] Starting ProtocolHandler ["http-nio-8080"]
[2019-01-17T00:07:20.020Z] [org.apache.juli.logging.DirectJDKLog] [main] [173] [INFO ] Using a shared selector for servlet write/read
[2019-01-17T00:07:20.020Z] [org.springframework.boot.web.embedded.tomcat.TomcatWebServer] [main] [204] [INFO ] Tomcat started on port(s): 8080 (http) with context path '/soccer'
[2019-01-17T00:07:20.020Z] [org.springframework.boot.StartupInfoLogger] [main] [59] [INFO ] Started SoccerApplication in 2.169 seconds (JVM running for 3.153)
[2019-01-17T00:07:24.024Z] [org.apache.juli.logging.DirectJDKLog] [http-nio-8080-exec-1] [173] [INFO ] Initializing Spring DispatcherServlet 'dispatcherServlet'
[2019-01-17T00:07:24.024Z] [org.springframework.web.servlet.FrameworkServlet] [http-nio-8080-exec-1] [524] [INFO ] Initializing Servlet 'dispatcherServlet'
[2019-01-17T00:07:24.024Z] [org.springframework.web.servlet.FrameworkServlet] [http-nio-8080-exec-1] [546] [INFO ] Completed initialization in 16 ms
[2019-01-17T00:07:24.024Z] [nchu.software.soccer.controller.PrimaryTurnController] [http-nio-8080-exec-1] [17] [INFO ] 用户访问:1547654844652
[2019-01-17T00:07:24.024Z] [com.mchange.v2.log.slf4j.Slf4jMLog$Slf4jMLogger$InfoLogger] [http-nio-8080-exec-3] [212] [INFO ] Initializing c3p0 pool... com.mchange.v2.c3p0.ComboPooledDataSource [ acquireIncrement -> 3, acquireRetryAttempts -> 30, acquireRetryDelay -> 1000, autoCommitOnClose -> false, automaticTestTable -> null, breakAfterAcquireFailure -> false, checkoutTimeout -> 0, connectionCustomizerClassName -> null, connectionTesterClassName -> com.mchange.v2.c3p0.impl.DefaultConnectionTester, contextClassLoaderSource -> caller, dataSourceName -> 2t22vxa0o96lk5qz5325|41a90fa8, debugUnreturnedConnectionStackTraces -> false, description -> null, driverClass -> com.mysql.cj.jdbc.Driver, extensions -> {}, factoryClassLocation -> null, forceIgnoreUnresolvedTransactions -> false, forceSynchronousCheckins -> false, forceUseNamedDriverClass -> false, identityToken -> 2t22vxa0o96lk5qz5325|41a90fa8, idleConnectionTestPeriod -> 0, initialPoolSize -> 3, jdbcUrl -> jdbc:mysql://localhost:3306/soccer?useSSL=false&serverTimezone=Hongkong&allowPublicKeyRetrieval=true, maxAdministrativeTaskTime -> 0, maxConnectionAge -> 0, maxIdleTime -> 0, maxIdleTimeExcessConnections -> 0, maxPoolSize -> 15, maxStatements -> 0, maxStatementsPerConnection -> 0, minPoolSize -> 3, numHelperThreads -> 3, preferredTestQuery -> null, privilegeSpawnedThreads -> false, properties -> {user=******, password=******}, propertyCycle -> 0, statementCacheNumDeferredCloseThreads -> 0, testConnectionOnCheckin -> false, testConnectionOnCheckout -> false, unreturnedConnectionTimeout -> 0, userOverrides -> {}, usesTraditionalReflectiveProxies -> false ]
[2019-01-17T00:08:18.018Z] [org.springframework.boot.StartupInfoLogger] [main] [50] [INFO ] Starting SoccerApplication on MSI with PID 10796 (E:\Codes\IDEA\soccer\target\classes started by 10390 in E:\Codes\IDEA\soccer)
[2019-01-17T00:08:18.018Z] [org.springframework.boot.SpringApplication] [main] [675] [INFO ] No active profile set, falling back to default profiles: default
[2019-01-17T00:08:19.019Z] [com.mchange.v2.log.slf4j.Slf4jMLog$Slf4jMLogger$InfoLogger] [MLog-Init-Reporter] [212] [INFO ] MLog clients using slf4j logging.
[2019-01-17T00:08:19.019Z] [com.mchange.v2.log.slf4j.Slf4jMLog$Slf4jMLogger$InfoLogger] [main] [212] [INFO ] Initializing c3p0-0.9.5.2 [built 08-December-2015 22:06:04 -0800; debug? true; trace: 10]
[2019-01-17T00:08:19.019Z] [org.springframework.boot.web.embedded.tomcat.TomcatWebServer] [main] [90] [INFO ] Tomcat initialized with port(s): 8080 (http)
[2019-01-17T00:08:19.019Z] [org.apache.juli.logging.DirectJDKLog] [main] [173] [INFO ] Initializing ProtocolHandler ["http-nio-8080"]
[2019-01-17T00:08:19.019Z] [org.apache.juli.logging.DirectJDKLog] [main] [173] [INFO ] Starting service [Tomcat]
[2019-01-17T00:08:19.019Z] [org.apache.juli.logging.DirectJDKLog] [main] [173] [INFO ] Starting Servlet Engine: Apache Tomcat/9.0.13
[2019-01-17T00:08:19.019Z] [org.apache.juli.logging.DirectJDKLog] [main] [173] [INFO ] The APR based Apache Tomcat Native library which allows optimal performance in production environments was not found on the java.library.path: [D:\Java\Java8\Jdk8\bin;C:\WINDOWS\Sun\Java\bin;C:\WINDOWS\system32;C:\WINDOWS;C:\Program Files (x86)\Common Files\Oracle\Java\javapath;C:\Program Files (x86)\Intel\iCLS Client\;C:\Program Files\Intel\iCLS Client\;C:\Windows\system32;C:\Windows;C:\Windows\System32\Wbem;C:\Windows\System32\WindowsPowerShell\v1.0\;C:\Program Files (x86)\Intel\Intel(R) Management Engine Components\DAL;C:\Program Files\Intel\Intel(R) Management Engine Components\DAL;C:\Program Files (x86)\Intel\Intel(R) Management Engine Components\IPT;C:\Program Files\Intel\Intel(R) Management Engine Components\IPT;C:\Program Files (x86)\NVIDIA Corporation\PhysX\Common;C:\WINDOWS\system32;C:\WINDOWS;C:\WINDOWS\System32\Wbem;C:\WINDOWS\System32\WindowsPowerShell\v1.0\;C:\WINDOWS\System32\OpenSSH\;D:\Java\Java8\Jdk8\bin\;D:\Java\Java8\Jdk8\jre\bin\;D:\Matlab\runtime\win64;D:\Matlab\bin;D:\SPSS\JRE\bin;D:\MySql\Server\MySQL Server 8.0\bin;D:\Git\cmd;D:\Python\Scripts\;D:\Python\;C:\Users\10390\AppData\Local\Microsoft\WindowsApps;;D:\Filder\Fiddler;%USERPROFILE%\AppData\Local\Microsoft\WindowsApps;.]
[2019-01-17T00:08:19.019Z] [org.apache.juli.logging.DirectJDKLog] [main] [173] [INFO ] Initializing Spring embedded WebApplicationContext
[2019-01-17T00:08:19.019Z] [org.springframework.boot.web.servlet.context.ServletWebServerApplicationContext] [main] [296] [INFO ] Root WebApplicationContext: initialization completed in 1034 ms
[2019-01-17T00:08:19.019Z] [org.springframework.scheduling.concurrent.ExecutorConfigurationSupport] [main] [171] [INFO ] Initializing ExecutorService 'applicationTaskExecutor'
[2019-01-17T00:08:19.019Z] [org.springframework.boot.autoconfigure.web.servlet.WelcomePageHandlerMapping] [main] [56] [INFO ] Adding welcome page: class path resource [static/index.html]
[2019-01-17T00:08:20.020Z] [org.apache.juli.logging.DirectJDKLog] [main] [173] [INFO ] Starting ProtocolHandler ["http-nio-8080"]
[2019-01-17T00:08:20.020Z] [org.apache.juli.logging.DirectJDKLog] [main] [173] [INFO ] Using a shared selector for servlet write/read
[2019-01-17T00:08:20.020Z] [org.springframework.boot.web.embedded.tomcat.TomcatWebServer] [main] [204] [INFO ] Tomcat started on port(s): 8080 (http) with context path '/soccer'
[2019-01-17T00:08:20.020Z] [org.springframework.boot.StartupInfoLogger] [main] [59] [INFO ] Started SoccerApplication in 1.942 seconds (JVM running for 2.965)
[2019-01-17T00:08:29.029Z] [org.apache.juli.logging.DirectJDKLog] [http-nio-8080-exec-3] [173] [INFO ] Initializing Spring DispatcherServlet 'dispatcherServlet'
[2019-01-17T00:08:29.029Z] [org.springframework.web.servlet.FrameworkServlet] [http-nio-8080-exec-3] [524] [INFO ] Initializing Servlet 'dispatcherServlet'
[2019-01-17T00:08:29.029Z] [org.springframework.web.servlet.FrameworkServlet] [http-nio-8080-exec-3] [546] [INFO ] Completed initialization in 6 ms
[2019-01-17T00:08:29.029Z] [com.mchange.v2.log.slf4j.Slf4jMLog$Slf4jMLogger$InfoLogger] [http-nio-8080-exec-1] [212] [INFO ] Initializing c3p0 pool... com.mchange.v2.c3p0.ComboPooledDataSource [ acquireIncrement -> 3, acquireRetryAttempts -> 30, acquireRetryDelay -> 1000, autoCommitOnClose -> false, automaticTestTable -> null, breakAfterAcquireFailure -> false, checkoutTimeout -> 0, connectionCustomizerClassName -> null, connectionTesterClassName -> com.mchange.v2.c3p0.impl.DefaultConnectionTester, contextClassLoaderSource -> caller, dataSourceName -> 2t22vxa0o97vt611oej5n|52500920, debugUnreturnedConnectionStackTraces -> false, description -> null, driverClass -> com.mysql.cj.jdbc.Driver, extensions -> {}, factoryClassLocation -> null, forceIgnoreUnresolvedTransactions -> false, forceSynchronousCheckins -> false, forceUseNamedDriverClass -> false, identityToken -> 2t22vxa0o97vt611oej5n|52500920, idleConnectionTestPeriod -> 0, initialPoolSize -> 3, jdbcUrl -> jdbc:mysql://localhost:3306/soccer?useSSL=false&serverTimezone=Hongkong&allowPublicKeyRetrieval=true, maxAdministrativeTaskTime -> 0, maxConnectionAge -> 0, maxIdleTime -> 0, maxIdleTimeExcessConnections -> 0, maxPoolSize -> 15, maxStatements -> 0, maxStatementsPerConnection -> 0, minPoolSize -> 3, numHelperThreads -> 3, preferredTestQuery -> null, privilegeSpawnedThreads -> false, properties -> {user=******, password=******}, propertyCycle -> 0, statementCacheNumDeferredCloseThreads -> 0, testConnectionOnCheckin -> false, testConnectionOnCheckout -> false, unreturnedConnectionTimeout -> 0, userOverrides -> {}, usesTraditionalReflectiveProxies -> false ]
[2019-01-17T00:10:13.013Z] [org.springframework.boot.StartupInfoLogger] [main] [50] [INFO ] Starting SoccerApplication on MSI with PID 9088 (E:\Codes\IDEA\soccer\target\classes started by 10390 in E:\Codes\IDEA\soccer)
[2019-01-17T00:10:13.013Z] [org.springframework.boot.SpringApplication] [main] [675] [INFO ] No active profile set, falling back to default profiles: default
[2019-01-17T00:10:14.014Z] [com.mchange.v2.log.slf4j.Slf4jMLog$Slf4jMLogger$InfoLogger] [MLog-Init-Reporter] [212] [INFO ] MLog clients using slf4j logging.
[2019-01-17T00:10:14.014Z] [com.mchange.v2.log.slf4j.Slf4jMLog$Slf4jMLogger$InfoLogger] [main] [212] [INFO ] Initializing c3p0-0.9.5.2 [built 08-December-2015 22:06:04 -0800; debug? true; trace: 10]
[2019-01-17T00:10:14.014Z] [org.springframework.boot.web.embedded.tomcat.TomcatWebServer] [main] [90] [INFO ] Tomcat initialized with port(s): 8080 (http)
[2019-01-17T00:10:14.014Z] [org.apache.juli.logging.DirectJDKLog] [main] [173] [INFO ] Initializing ProtocolHandler ["http-nio-8080"]
[2019-01-17T00:10:14.014Z] [org.apache.juli.logging.DirectJDKLog] [main] [173] [INFO ] Starting service [Tomcat]
[2019-01-17T00:10:14.014Z] [org.apache.juli.logging.DirectJDKLog] [main] [173] [INFO ] Starting Servlet Engine: Apache Tomcat/9.0.13
[2019-01-17T00:10:14.014Z] [org.apache.juli.logging.DirectJDKLog] [main] [173] [INFO ] The APR based Apache Tomcat Native library which allows optimal performance in production environments was not found on the java.library.path: [D:\Java\Java8\Jdk8\bin;C:\WINDOWS\Sun\Java\bin;C:\WINDOWS\system32;C:\WINDOWS;C:\Program Files (x86)\Common Files\Oracle\Java\javapath;C:\Program Files (x86)\Intel\iCLS Client\;C:\Program Files\Intel\iCLS Client\;C:\Windows\system32;C:\Windows;C:\Windows\System32\Wbem;C:\Windows\System32\WindowsPowerShell\v1.0\;C:\Program Files (x86)\Intel\Intel(R) Management Engine Components\DAL;C:\Program Files\Intel\Intel(R) Management Engine Components\DAL;C:\Program Files (x86)\Intel\Intel(R) Management Engine Components\IPT;C:\Program Files\Intel\Intel(R) Management Engine Components\IPT;C:\Program Files (x86)\NVIDIA Corporation\PhysX\Common;C:\WINDOWS\system32;C:\WINDOWS;C:\WINDOWS\System32\Wbem;C:\WINDOWS\System32\WindowsPowerShell\v1.0\;C:\WINDOWS\System32\OpenSSH\;D:\Java\Java8\Jdk8\bin\;D:\Java\Java8\Jdk8\jre\bin\;D:\Matlab\runtime\win64;D:\Matlab\bin;D:\SPSS\JRE\bin;D:\MySql\Server\MySQL Server 8.0\bin;D:\Git\cmd;D:\Python\Scripts\;D:\Python\;C:\Users\10390\AppData\Local\Microsoft\WindowsApps;;D:\Filder\Fiddler;%USERPROFILE%\AppData\Local\Microsoft\WindowsApps;.]
[2019-01-17T00:10:14.014Z] [org.apache.juli.logging.DirectJDKLog] [main] [173] [INFO ] Initializing Spring embedded WebApplicationContext
[2019-01-17T00:10:14.014Z] [org.springframework.boot.web.servlet.context.ServletWebServerApplicationContext] [main] [296] [INFO ] Root WebApplicationContext: initialization completed in 1134 ms
[2019-01-17T00:10:15.015Z] [org.springframework.scheduling.concurrent.ExecutorConfigurationSupport] [main] [171] [INFO ] Initializing ExecutorService 'applicationTaskExecutor'
[2019-01-17T00:10:15.015Z] [org.springframework.boot.autoconfigure.web.servlet.WelcomePageHandlerMapping] [main] [56] [INFO ] Adding welcome page: class path resource [static/index.html]
[2019-01-17T00:10:15.015Z] [org.apache.juli.logging.DirectJDKLog] [main] [173] [INFO ] Starting ProtocolHandler ["http-nio-8080"]
[2019-01-17T00:10:15.015Z] [org.apache.juli.logging.DirectJDKLog] [main] [173] [INFO ] Using a shared selector for servlet write/read
[2019-01-17T00:10:15.015Z] [org.springframework.boot.web.embedded.tomcat.TomcatWebServer] [main] [204] [INFO ] Tomcat started on port(s): 8080 (http) with context path '/soccer'
[2019-01-17T00:10:15.015Z] [org.springframework.boot.StartupInfoLogger] [main] [59] [INFO ] Started SoccerApplication in 2.105 seconds (JVM running for 2.978)
[2019-01-17T00:10:28.028Z] [org.apache.juli.logging.DirectJDKLog] [http-nio-8080-exec-3] [173] [INFO ] Initializing Spring DispatcherServlet 'dispatcherServlet'
[2019-01-17T00:10:28.028Z] [org.springframework.web.servlet.FrameworkServlet] [http-nio-8080-exec-3] [524] [INFO ] Initializing Servlet 'dispatcherServlet'
[2019-01-17T00:10:28.028Z] [org.springframework.web.servlet.FrameworkServlet] [http-nio-8080-exec-3] [546] [INFO ] Completed initialization in 10 ms
[2019-01-17T00:10:29.029Z] [com.mchange.v2.log.slf4j.Slf4jMLog$Slf4jMLogger$InfoLogger] [http-nio-8080-exec-1] [212] [INFO ] Initializing c3p0 pool... com.mchange.v2.c3p0.ComboPooledDataSource [ acquireIncrement -> 3, acquireRetryAttempts -> 30, acquireRetryDelay -> 1000, autoCommitOnClose -> false, automaticTestTable -> null, breakAfterAcquireFailure -> false, checkoutTimeout -> 0, connectionCustomizerClassName -> null, connectionTesterClassName -> com.mchange.v2.c3p0.impl.DefaultConnectionTester, contextClassLoaderSource -> caller, dataSourceName -> 2t22vxa0o9acmzflztob|649725e3, debugUnreturnedConnectionStackTraces -> false, description -> null, driverClass -> com.mysql.cj.jdbc.Driver, extensions -> {}, factoryClassLocation -> null, forceIgnoreUnresolvedTransactions -> false, forceSynchronousCheckins -> false, forceUseNamedDriverClass -> false, identityToken -> 2t22vxa0o9acmzflztob|649725e3, idleConnectionTestPeriod -> 0, initialPoolSize -> 3, jdbcUrl -> jdbc:mysql://localhost:3306/soccer?useSSL=false&serverTimezone=Hongkong&allowPublicKeyRetrieval=true, maxAdministrativeTaskTime -> 0, maxConnectionAge -> 0, maxIdleTime -> 0, maxIdleTimeExcessConnections -> 0, maxPoolSize -> 15, maxStatements -> 0, maxStatementsPerConnection -> 0, minPoolSize -> 3, numHelperThreads -> 3, preferredTestQuery -> null, privilegeSpawnedThreads -> false, properties -> {user=******, password=******}, propertyCycle -> 0, statementCacheNumDeferredCloseThreads -> 0, testConnectionOnCheckin -> false, testConnectionOnCheckout -> false, unreturnedConnectionTimeout -> 0, userOverrides -> {}, usesTraditionalReflectiveProxies -> false ]
[2019-01-17T00:16:25.025Z] [org.springframework.boot.StartupInfoLogger] [main] [50] [INFO ] Starting SoccerApplication on MSI with PID 13236 (E:\Codes\IDEA\soccer\target\classes started by 10390 in E:\Codes\IDEA\soccer)
[2019-01-17T00:16:25.025Z] [org.springframework.boot.SpringApplication] [main] [675] [INFO ] No active profile set, falling back to default profiles: default
[2019-01-17T00:16:26.026Z] [com.mchange.v2.log.slf4j.Slf4jMLog$Slf4jMLogger$InfoLogger] [MLog-Init-Reporter] [212] [INFO ] MLog clients using slf4j logging.
[2019-01-17T00:16:26.026Z] [com.mchange.v2.log.slf4j.Slf4jMLog$Slf4jMLogger$InfoLogger] [main] [212] [INFO ] Initializing c3p0-0.9.5.2 [built 08-December-2015 22:06:04 -0800; debug? true; trace: 10]
[2019-01-17T00:16:26.026Z] [org.springframework.boot.web.embedded.tomcat.TomcatWebServer] [main] [90] [INFO ] Tomcat initialized with port(s): 8080 (http)
[2019-01-17T00:16:26.026Z] [org.apache.juli.logging.DirectJDKLog] [main] [173] [INFO ] Initializing ProtocolHandler ["http-nio-8080"]
[2019-01-17T00:16:26.026Z] [org.apache.juli.logging.DirectJDKLog] [main] [173] [INFO ] Starting service [Tomcat]
[2019-01-17T00:16:26.026Z] [org.apache.juli.logging.DirectJDKLog] [main] [173] [INFO ] Starting Servlet Engine: Apache Tomcat/9.0.13
[2019-01-17T00:16:26.026Z] [org.apache.juli.logging.DirectJDKLog] [main] [173] [INFO ] The APR based Apache Tomcat Native library which allows optimal performance in production environments was not found on the java.library.path: [D:\Java\Java8\Jdk8\bin;C:\WINDOWS\Sun\Java\bin;C:\WINDOWS\system32;C:\WINDOWS;C:\Program Files (x86)\Common Files\Oracle\Java\javapath;C:\Program Files (x86)\Intel\iCLS Client\;C:\Program Files\Intel\iCLS Client\;C:\Windows\system32;C:\Windows;C:\Windows\System32\Wbem;C:\Windows\System32\WindowsPowerShell\v1.0\;C:\Program Files (x86)\Intel\Intel(R) Management Engine Components\DAL;C:\Program Files\Intel\Intel(R) Management Engine Components\DAL;C:\Program Files (x86)\Intel\Intel(R) Management Engine Components\IPT;C:\Program Files\Intel\Intel(R) Management Engine Components\IPT;C:\Program Files (x86)\NVIDIA Corporation\PhysX\Common;C:\WINDOWS\system32;C:\WINDOWS;C:\WINDOWS\System32\Wbem;C:\WINDOWS\System32\WindowsPowerShell\v1.0\;C:\WINDOWS\System32\OpenSSH\;D:\Java\Java8\Jdk8\bin\;D:\Java\Java8\Jdk8\jre\bin\;D:\Matlab\runtime\win64;D:\Matlab\bin;D:\SPSS\JRE\bin;D:\MySql\Server\MySQL Server 8.0\bin;D:\Git\cmd;D:\Python\Scripts\;D:\Python\;C:\Users\10390\AppData\Local\Microsoft\WindowsApps;;D:\Filder\Fiddler;%USERPROFILE%\AppData\Local\Microsoft\WindowsApps;.]
[2019-01-17T00:16:26.026Z] [org.apache.juli.logging.DirectJDKLog] [main] [173] [INFO ] Initializing Spring embedded WebApplicationContext
[2019-01-17T00:16:26.026Z] [org.springframework.boot.web.servlet.context.ServletWebServerApplicationContext] [main] [296] [INFO ] Root WebApplicationContext: initialization completed in 1056 ms
[2019-01-17T00:16:27.027Z] [org.springframework.scheduling.concurrent.ExecutorConfigurationSupport] [main] [171] [INFO ] Initializing ExecutorService 'applicationTaskExecutor'
[2019-01-17T00:16:27.027Z] [org.springframework.boot.autoconfigure.web.servlet.WelcomePageHandlerMapping] [main] [56] [INFO ] Adding welcome page: class path resource [static/index.html]
[2019-01-17T00:16:27.027Z] [org.apache.juli.logging.DirectJDKLog] [main] [173] [INFO ] Starting ProtocolHandler ["http-nio-8080"]
[2019-01-17T00:16:27.027Z] [org.apache.juli.logging.DirectJDKLog] [main] [173] [INFO ] Using a shared selector for servlet write/read
[2019-01-17T00:16:27.027Z] [org.springframework.boot.web.embedded.tomcat.TomcatWebServer] [main] [204] [INFO ] Tomcat started on port(s): 8080 (http) with context path '/soccer'
[2019-01-17T00:16:27.027Z] [org.springframework.boot.StartupInfoLogger] [main] [59] [INFO ] Started SoccerApplication in 2.052 seconds (JVM running for 2.892)
[2019-01-17T00:16:31.031Z] [org.apache.juli.logging.DirectJDKLog] [http-nio-8080-exec-1] [173] [INFO ] Initializing Spring DispatcherServlet 'dispatcherServlet'
[2019-01-17T00:16:31.031Z] [org.springframework.web.servlet.FrameworkServlet] [http-nio-8080-exec-1] [524] [INFO ] Initializing Servlet 'dispatcherServlet'
[2019-01-17T00:16:31.031Z] [org.springframework.web.servlet.FrameworkServlet] [http-nio-8080-exec-1] [546] [INFO ] Completed initialization in 0 ms
[2019-01-17T00:16:31.031Z] [nchu.software.soccer.controller.PrimaryTurnController] [http-nio-8080-exec-1] [17] [INFO ] 用户访问:1547655391173
[2019-01-17T00:16:31.031Z] [com.mchange.v2.log.slf4j.Slf4jMLog$Slf4jMLogger$InfoLogger] [http-nio-8080-exec-3] [212] [INFO ] Initializing c3p0 pool... com.mchange.v2.c3p0.ComboPooledDataSource [ acquireIncrement -> 3, acquireRetryAttempts -> 30, acquireRetryDelay -> 1000, autoCommitOnClose -> false, automaticTestTable -> null, breakAfterAcquireFailure -> false, checkoutTimeout -> 0, connectionCustomizerClassName -> null, connectionTesterClassName -> com.mchange.v2.c3p0.impl.DefaultConnectionTester, contextClassLoaderSource -> caller, dataSourceName -> 2t22vxa0o9ibu71retar7|fd0e5b6, debugUnreturnedConnectionStackTraces -> false, description -> null, driverClass -> com.mysql.cj.jdbc.Driver, extensions -> {}, factoryClassLocation -> null, forceIgnoreUnresolvedTransactions -> false, forceSynchronousCheckins -> false, forceUseNamedDriverClass -> false, identityToken -> 2t22vxa0o9ibu71retar7|fd0e5b6, idleConnectionTestPeriod -> 0, initialPoolSize -> 3, jdbcUrl -> jdbc:mysql://localhost:3306/soccer?useSSL=false&serverTimezone=Hongkong&allowPublicKeyRetrieval=true, maxAdministrativeTaskTime -> 0, maxConnectionAge -> 0, maxIdleTime -> 0, maxIdleTimeExcessConnections -> 0, maxPoolSize -> 15, maxStatements -> 0, maxStatementsPerConnection -> 0, minPoolSize -> 3, numHelperThreads -> 3, preferredTestQuery -> null, privilegeSpawnedThreads -> false, properties -> {user=******, password=******}, propertyCycle -> 0, statementCacheNumDeferredCloseThreads -> 0, testConnectionOnCheckin -> false, testConnectionOnCheckout -> false, unreturnedConnectionTimeout -> 0, userOverrides -> {}, usesTraditionalReflectiveProxies -> false ]
[2019-01-17T00:17:44.044Z] [org.springframework.boot.StartupInfoLogger] [main] [50] [INFO ] Starting SoccerApplication on MSI with PID 12352 (E:\Codes\IDEA\soccer\target\classes started by 10390 in E:\Codes\IDEA\soccer)
[2019-01-17T00:17:44.044Z] [org.springframework.boot.SpringApplication] [main] [675] [INFO ] No active profile set, falling back to default profiles: default
[2019-01-17T00:17:44.044Z] [com.mchange.v2.log.slf4j.Slf4jMLog$Slf4jMLogger$InfoLogger] [MLog-Init-Reporter] [212] [INFO ] MLog clients using slf4j logging.
[2019-01-17T00:17:44.044Z] [com.mchange.v2.log.slf4j.Slf4jMLog$Slf4jMLogger$InfoLogger] [main] [212] [INFO ] Initializing c3p0-0.9.5.2 [built 08-December-2015 22:06:04 -0800; debug? true; trace: 10]
[2019-01-17T00:17:45.045Z] [org.springframework.boot.web.embedded.tomcat.TomcatWebServer] [main] [90] [INFO ] Tomcat initialized with port(s): 8080 (http)
[2019-01-17T00:17:45.045Z] [org.apache.juli.logging.DirectJDKLog] [main] [173] [INFO ] Initializing ProtocolHandler ["http-nio-8080"]
[2019-01-17T00:17:45.045Z] [org.apache.juli.logging.DirectJDKLog] [main] [173] [INFO ] Starting service [Tomcat]
[2019-01-17T00:17:45.045Z] [org.apache.juli.logging.DirectJDKLog] [main] [173] [INFO ] Starting Servlet Engine: Apache Tomcat/9.0.13
[2019-01-17T00:17:45.045Z] [org.apache.juli.logging.DirectJDKLog] [main] [173] [INFO ] The APR based Apache Tomcat Native library which allows optimal performance in production environments was not found on the java.library.path: [D:\Java\Java8\Jdk8\bin;C:\WINDOWS\Sun\Java\bin;C:\WINDOWS\system32;C:\WINDOWS;C:\Program Files (x86)\Common Files\Oracle\Java\javapath;C:\Program Files (x86)\Intel\iCLS Client\;C:\Program Files\Intel\iCLS Client\;C:\Windows\system32;C:\Windows;C:\Windows\System32\Wbem;C:\Windows\System32\WindowsPowerShell\v1.0\;C:\Program Files (x86)\Intel\Intel(R) Management Engine Components\DAL;C:\Program Files\Intel\Intel(R) Management Engine Components\DAL;C:\Program Files (x86)\Intel\Intel(R) Management Engine Components\IPT;C:\Program Files\Intel\Intel(R) Management Engine Components\IPT;C:\Program Files (x86)\NVIDIA Corporation\PhysX\Common;C:\WINDOWS\system32;C:\WINDOWS;C:\WINDOWS\System32\Wbem;C:\WINDOWS\System32\WindowsPowerShell\v1.0\;C:\WINDOWS\System32\OpenSSH\;D:\Java\Java8\Jdk8\bin\;D:\Java\Java8\Jdk8\jre\bin\;D:\Matlab\runtime\win64;D:\Matlab\bin;D:\SPSS\JRE\bin;D:\MySql\Server\MySQL Server 8.0\bin;D:\Git\cmd;D:\Python\Scripts\;D:\Python\;C:\Users\10390\AppData\Local\Microsoft\WindowsApps;;D:\Filder\Fiddler;%USERPROFILE%\AppData\Local\Microsoft\WindowsApps;.]
[2019-01-17T00:17:45.045Z] [org.apache.juli.logging.DirectJDKLog] [main] [173] [INFO ] Initializing Spring embedded WebApplicationContext
[2019-01-17T00:17:45.045Z] [org.springframework.boot.web.servlet.context.ServletWebServerApplicationContext] [main] [296] [INFO ] Root WebApplicationContext: initialization completed in 1018 ms
[2019-01-17T00:17:45.045Z] [org.springframework.scheduling.concurrent.ExecutorConfigurationSupport] [main] [171] [INFO ] Initializing ExecutorService 'applicationTaskExecutor'
[2019-01-17T00:17:45.045Z] [org.springframework.boot.autoconfigure.web.servlet.WelcomePageHandlerMapping] [main] [56] [INFO ] Adding welcome page: class path resource [static/index.html]
[2019-01-17T00:17:45.045Z] [org.apache.juli.logging.DirectJDKLog] [main] [173] [INFO ] Starting ProtocolHandler ["http-nio-8080"]
[2019-01-17T00:17:45.045Z] [org.apache.juli.logging.DirectJDKLog] [main] [173] [INFO ] Using a shared selector for servlet write/read
[2019-01-17T00:17:45.045Z] [org.springframework.boot.web.embedded.tomcat.TomcatWebServer] [main] [204] [INFO ] Tomcat started on port(s): 8080 (http) with context path '/soccer'
[2019-01-17T00:17:45.045Z] [org.springframework.boot.StartupInfoLogger] [main] [59] [INFO ] Started SoccerApplication in 1.905 seconds (JVM running for 2.784)
[2019-01-17T00:17:50.050Z] [org.apache.juli.logging.DirectJDKLog] [http-nio-8080-exec-2] [173] [INFO ] Initializing Spring DispatcherServlet 'dispatcherServlet'
[2019-01-17T00:17:50.050Z] [org.springframework.web.servlet.FrameworkServlet] [http-nio-8080-exec-2] [524] [INFO ] Initializing Servlet 'dispatcherServlet'
[2019-01-17T00:17:50.050Z] [org.springframework.web.servlet.FrameworkServlet] [http-nio-8080-exec-2] [546] [INFO ] Completed initialization in 0 ms
[2019-01-17T00:17:50.050Z] [com.mchange.v2.log.slf4j.Slf4jMLog$Slf4jMLogger$InfoLogger] [http-nio-8080-exec-4] [212] [INFO ] Initializing c3p0 pool... com.mchange.v2.c3p0.ComboPooledDataSource [ acquireIncrement -> 3, acquireRetryAttempts -> 30, acquireRetryDelay -> 1000, autoCommitOnClose -> false, automaticTestTable -> null, breakAfterAcquireFailure -> false, checkoutTimeout -> 0, connectionCustomizerClassName -> null, connectionTesterClassName -> com.mchange.v2.c3p0.impl.DefaultConnectionTester, contextClassLoaderSource -> caller, dataSourceName -> 2t22vxa0o9k0dj1m6w0sp|757d6814, debugUnreturnedConnectionStackTraces -> false, description -> null, driverClass -> com.mysql.cj.jdbc.Driver, extensions -> {}, factoryClassLocation -> null, forceIgnoreUnresolvedTransactions -> false, forceSynchronousCheckins -> false, forceUseNamedDriverClass -> false, identityToken -> 2t22vxa0o9k0dj1m6w0sp|757d6814, idleConnectionTestPeriod -> 0, initialPoolSize -> 3, jdbcUrl -> jdbc:mysql://localhost:3306/soccer?useSSL=false&serverTimezone=Hongkong&allowPublicKeyRetrieval=true, maxAdministrativeTaskTime -> 0, maxConnectionAge -> 0, maxIdleTime -> 0, maxIdleTimeExcessConnections -> 0, maxPoolSize -> 15, maxStatements -> 0, maxStatementsPerConnection -> 0, minPoolSize -> 3, numHelperThreads -> 3, preferredTestQuery -> null, privilegeSpawnedThreads -> false, properties -> {user=******, password=******}, propertyCycle -> 0, statementCacheNumDeferredCloseThreads -> 0, testConnectionOnCheckin -> false, testConnectionOnCheckout -> false, unreturnedConnectionTimeout -> 0, userOverrides -> {}, usesTraditionalReflectiveProxies -> false ]
[2019-01-17T00:19:06.006Z] [org.springframework.boot.StartupInfoLogger] [main] [50] [INFO ] Starting SoccerApplication on MSI with PID 9676 (E:\Codes\IDEA\soccer\target\classes started by 10390 in E:\Codes\IDEA\soccer)
[2019-01-17T00:19:06.006Z] [org.springframework.boot.SpringApplication] [main] [675] [INFO ] No active profile set, falling back to default profiles: default
[2019-01-17T00:19:06.006Z] [com.mchange.v2.log.slf4j.Slf4jMLog$Slf4jMLogger$InfoLogger] [MLog-Init-Reporter] [212] [INFO ] MLog clients using slf4j logging.
[2019-01-17T00:19:06.006Z] [com.mchange.v2.log.slf4j.Slf4jMLog$Slf4jMLogger$InfoLogger] [main] [212] [INFO ] Initializing c3p0-0.9.5.2 [built 08-December-2015 22:06:04 -0800; debug? true; trace: 10]
[2019-01-17T00:19:07.007Z] [org.springframework.boot.web.embedded.tomcat.TomcatWebServer] [main] [90] [INFO ] Tomcat initialized with port(s): 8080 (http)
[2019-01-17T00:19:07.007Z] [org.apache.juli.logging.DirectJDKLog] [main] [173] [INFO ] Initializing ProtocolHandler ["http-nio-8080"]
[2019-01-17T00:19:07.007Z] [org.apache.juli.logging.DirectJDKLog] [main] [173] [INFO ] Starting service [Tomcat]
[2019-01-17T00:19:07.007Z] [org.apache.juli.logging.DirectJDKLog] [main] [173] [INFO ] Starting Servlet Engine: Apache Tomcat/9.0.13
[2019-01-17T00:19:07.007Z] [org.apache.juli.logging.DirectJDKLog] [main] [173] [INFO ] The APR based Apache Tomcat Native library which allows optimal performance in production environments was not found on the java.library.path: [D:\Java\Java8\Jdk8\bin;C:\WINDOWS\Sun\Java\bin;C:\WINDOWS\system32;C:\WINDOWS;C:\Program Files (x86)\Common Files\Oracle\Java\javapath;C:\Program Files (x86)\Intel\iCLS Client\;C:\Program Files\Intel\iCLS Client\;C:\Windows\system32;C:\Windows;C:\Windows\System32\Wbem;C:\Windows\System32\WindowsPowerShell\v1.0\;C:\Program Files (x86)\Intel\Intel(R) Management Engine Components\DAL;C:\Program Files\Intel\Intel(R) Management Engine Components\DAL;C:\Program Files (x86)\Intel\Intel(R) Management Engine Components\IPT;C:\Program Files\Intel\Intel(R) Management Engine Components\IPT;C:\Program Files (x86)\NVIDIA Corporation\PhysX\Common;C:\WINDOWS\system32;C:\WINDOWS;C:\WINDOWS\System32\Wbem;C:\WINDOWS\System32\WindowsPowerShell\v1.0\;C:\WINDOWS\System32\OpenSSH\;D:\Java\Java8\Jdk8\bin\;D:\Java\Java8\Jdk8\jre\bin\;D:\Matlab\runtime\win64;D:\Matlab\bin;D:\SPSS\JRE\bin;D:\MySql\Server\MySQL Server 8.0\bin;D:\Git\cmd;D:\Python\Scripts\;D:\Python\;C:\Users\10390\AppData\Local\Microsoft\WindowsApps;;D:\Filder\Fiddler;%USERPROFILE%\AppData\Local\Microsoft\WindowsApps;.]
[2019-01-17T00:19:07.007Z] [org.apache.juli.logging.DirectJDKLog] [main] [173] [INFO ] Initializing Spring embedded WebApplicationContext
[2019-01-17T00:19:07.007Z] [org.springframework.boot.web.servlet.context.ServletWebServerApplicationContext] [main] [296] [INFO ] Root WebApplicationContext: initialization completed in 1118 ms
[2019-01-17T00:19:07.007Z] [org.springframework.scheduling.concurrent.ExecutorConfigurationSupport] [main] [171] [INFO ] Initializing ExecutorService 'applicationTaskExecutor'
[2019-01-17T00:19:07.007Z] [org.springframework.boot.autoconfigure.web.servlet.WelcomePageHandlerMapping] [main] [56] [INFO ] Adding welcome page: class path resource [static/index.html]
[2019-01-17T00:19:07.007Z] [org.apache.juli.logging.DirectJDKLog] [main] [173] [INFO ] Starting ProtocolHandler ["http-nio-8080"]
[2019-01-17T00:19:07.007Z] [org.apache.juli.logging.DirectJDKLog] [main] [173] [INFO ] Using a shared selector for servlet write/read
[2019-01-17T00:19:07.007Z] [org.springframework.boot.web.embedded.tomcat.TomcatWebServer] [main] [204] [INFO ] Tomcat started on port(s): 8080 (http) with context path '/soccer'
[2019-01-17T00:19:07.007Z] [org.springframework.boot.StartupInfoLogger] [main] [59] [INFO ] Started SoccerApplication in 2.02 seconds (JVM running for 3.003)
[2019-01-17T00:19:14.014Z] [org.apache.juli.logging.DirectJDKLog] [http-nio-8080-exec-3] [173] [INFO ] Initializing Spring DispatcherServlet 'dispatcherServlet'
[2019-01-17T00:19:14.014Z] [org.springframework.web.servlet.FrameworkServlet] [http-nio-8080-exec-3] [524] [INFO ] Initializing Servlet 'dispatcherServlet'
[2019-01-17T00:19:14.014Z] [org.springframework.web.servlet.FrameworkServlet] [http-nio-8080-exec-3] [546] [INFO ] Completed initialization in 11 ms
[2019-01-17T00:19:14.014Z] [com.mchange.v2.log.slf4j.Slf4jMLog$Slf4jMLogger$InfoLogger] [http-nio-8080-exec-2] [212] [INFO ] Initializing c3p0 pool... com.mchange.v2.c3p0.ComboPooledDataSource [ acquireIncrement -> 3, acquireRetryAttempts -> 30, acquireRetryDelay -> 1000, autoCommitOnClose -> false, automaticTestTable -> null, breakAfterAcquireFailure -> false, checkoutTimeout -> 0, connectionCustomizerClassName -> null, connectionTesterClassName -> com.mchange.v2.c3p0.impl.DefaultConnectionTester, contextClassLoaderSource -> caller, dataSourceName -> 2t22vxa0o9lrkg1txmwrn|76ba13c, debugUnreturnedConnectionStackTraces -> false, description -> null, driverClass -> com.mysql.cj.jdbc.Driver, extensions -> {}, factoryClassLocation -> null, forceIgnoreUnresolvedTransactions -> false, forceSynchronousCheckins -> false, forceUseNamedDriverClass -> false, identityToken -> 2t22vxa0o9lrkg1txmwrn|76ba13c, idleConnectionTestPeriod -> 0, initialPoolSize -> 3, jdbcUrl -> jdbc:mysql://localhost:3306/soccer?useSSL=false&serverTimezone=Hongkong&allowPublicKeyRetrieval=true, maxAdministrativeTaskTime -> 0, maxConnectionAge -> 0, maxIdleTime -> 0, maxIdleTimeExcessConnections -> 0, maxPoolSize -> 15, maxStatements -> 0, maxStatementsPerConnection -> 0, minPoolSize -> 3, numHelperThreads -> 3, preferredTestQuery -> null, privilegeSpawnedThreads -> false, properties -> {user=******, password=******}, propertyCycle -> 0, statementCacheNumDeferredCloseThreads -> 0, testConnectionOnCheckin -> false, testConnectionOnCheckout -> false, unreturnedConnectionTimeout -> 0, userOverrides -> {}, usesTraditionalReflectiveProxies -> false ]
[2019-01-17T00:22:23.023Z] [org.springframework.boot.StartupInfoLogger] [main] [50] [INFO ] Starting SoccerApplication on MSI with PID 5020 (E:\Codes\IDEA\soccer\target\classes started by 10390 in E:\Codes\IDEA\soccer)
[2019-01-17T00:22:23.023Z] [org.springframework.boot.SpringApplication] [main] [675] [INFO ] No active profile set, falling back to default profiles: default
[2019-01-17T00:22:24.024Z] [com.mchange.v2.log.slf4j.Slf4jMLog$Slf4jMLogger$InfoLogger] [MLog-Init-Reporter] [212] [INFO ] MLog clients using slf4j logging.
[2019-01-17T00:22:24.024Z] [com.mchange.v2.log.slf4j.Slf4jMLog$Slf4jMLogger$InfoLogger] [main] [212] [INFO ] Initializing c3p0-0.9.5.2 [built 08-December-2015 22:06:04 -0800; debug? true; trace: 10]
[2019-01-17T00:22:24.024Z] [org.springframework.boot.web.embedded.tomcat.TomcatWebServer] [main] [90] [INFO ] Tomcat initialized with port(s): 8080 (http)
[2019-01-17T00:22:24.024Z] [org.apache.juli.logging.DirectJDKLog] [main] [173] [INFO ] Initializing ProtocolHandler ["http-nio-8080"]
[2019-01-17T00:22:24.024Z] [org.apache.juli.logging.DirectJDKLog] [main] [173] [INFO ] Starting service [Tomcat]
[2019-01-17T00:22:24.024Z] [org.apache.juli.logging.DirectJDKLog] [main] [173] [INFO ] Starting Servlet Engine: Apache Tomcat/9.0.13
[2019-01-17T00:22:24.024Z] [org.apache.juli.logging.DirectJDKLog] [main] [173] [INFO ] The APR based Apache Tomcat Native library which allows optimal performance in production environments was not found on the java.library.path: [D:\Java\Java8\Jdk8\bin;C:\WINDOWS\Sun\Java\bin;C:\WINDOWS\system32;C:\WINDOWS;C:\Program Files (x86)\Common Files\Oracle\Java\javapath;C:\Program Files (x86)\Intel\iCLS Client\;C:\Program Files\Intel\iCLS Client\;C:\Windows\system32;C:\Windows;C:\Windows\System32\Wbem;C:\Windows\System32\WindowsPowerShell\v1.0\;C:\Program Files (x86)\Intel\Intel(R) Management Engine Components\DAL;C:\Program Files\Intel\Intel(R) Management Engine Components\DAL;C:\Program Files (x86)\Intel\Intel(R) Management Engine Components\IPT;C:\Program Files\Intel\Intel(R) Management Engine Components\IPT;C:\Program Files (x86)\NVIDIA Corporation\PhysX\Common;C:\WINDOWS\system32;C:\WINDOWS;C:\WINDOWS\System32\Wbem;C:\WINDOWS\System32\WindowsPowerShell\v1.0\;C:\WINDOWS\System32\OpenSSH\;D:\Java\Java8\Jdk8\bin\;D:\Java\Java8\Jdk8\jre\bin\;D:\Matlab\runtime\win64;D:\Matlab\bin;D:\SPSS\JRE\bin;D:\MySql\Server\MySQL Server 8.0\bin;D:\Git\cmd;D:\Python\Scripts\;D:\Python\;C:\Users\10390\AppData\Local\Microsoft\WindowsApps;;D:\Filder\Fiddler;%USERPROFILE%\AppData\Local\Microsoft\WindowsApps;.]
[2019-01-17T00:22:24.024Z] [org.apache.juli.logging.DirectJDKLog] [main] [173] [INFO ] Initializing Spring embedded WebApplicationContext
[2019-01-17T00:22:24.024Z] [org.springframework.boot.web.servlet.context.ServletWebServerApplicationContext] [main] [296] [INFO ] Root WebApplicationContext: initialization completed in 1291 ms
[2019-01-17T00:22:24.024Z] [org.springframework.scheduling.concurrent.ExecutorConfigurationSupport] [main] [171] [INFO ] Initializing ExecutorService 'applicationTaskExecutor'
[2019-01-17T00:22:25.025Z] [org.springframework.boot.autoconfigure.web.servlet.WelcomePageHandlerMapping] [main] [56] [INFO ] Adding welcome page: class path resource [static/index.html]
[2019-01-17T00:22:25.025Z] [org.apache.juli.logging.DirectJDKLog] [main] [173] [INFO ] Starting ProtocolHandler ["http-nio-8080"]
[2019-01-17T00:22:25.025Z] [org.apache.juli.logging.DirectJDKLog] [main] [173] [INFO ] Using a shared selector for servlet write/read
[2019-01-17T00:22:25.025Z] [org.springframework.boot.web.embedded.tomcat.TomcatWebServer] [main] [204] [INFO ] Tomcat started on port(s): 8080 (http) with context path '/soccer'
[2019-01-17T00:22:25.025Z] [org.springframework.boot.StartupInfoLogger] [main] [59] [INFO ] Started SoccerApplication in 2.289 seconds (JVM running for 3.187)
[2019-01-17T00:22:26.026Z] [org.apache.juli.logging.DirectJDKLog] [http-nio-8080-exec-1] [173] [INFO ] Initializing Spring DispatcherServlet 'dispatcherServlet'
[2019-01-17T00:22:26.026Z] [org.springframework.web.servlet.FrameworkServlet] [http-nio-8080-exec-1] [524] [INFO ] Initializing Servlet 'dispatcherServlet'
[2019-01-17T00:22:26.026Z] [org.springframework.web.servlet.FrameworkServlet] [http-nio-8080-exec-1] [546] [INFO ] Completed initialization in 0 ms
[2019-01-17T00:22:26.026Z] [nchu.software.soccer.controller.PrimaryTurnController] [http-nio-8080-exec-1] [17] [INFO ] 用户访问:1547655746668
[2019-01-17T00:22:26.026Z] [com.mchange.v2.log.slf4j.Slf4jMLog$Slf4jMLogger$InfoLogger] [http-nio-8080-exec-6] [212] [INFO ] Initializing c3p0 pool... com.mchange.v2.c3p0.ComboPooledDataSource [ acquireIncrement -> 3, acquireRetryAttempts -> 30, acquireRetryDelay -> 1000, autoCommitOnClose -> false, automaticTestTable -> null, breakAfterAcquireFailure -> false, checkoutTimeout -> 0, connectionCustomizerClassName -> null, connectionTesterClassName -> com.mchange.v2.c3p0.impl.DefaultConnectionTester, contextClassLoaderSource -> caller, dataSourceName -> 2t22vxa0o9pzs99cjnpu|2ce86164, debugUnreturnedConnectionStackTraces -> false, description -> null, driverClass -> com.mysql.cj.jdbc.Driver, extensions -> {}, factoryClassLocation -> null, forceIgnoreUnresolvedTransactions -> false, forceSynchronousCheckins -> false, forceUseNamedDriverClass -> false, identityToken -> 2t22vxa0o9pzs99cjnpu|2ce86164, idleConnectionTestPeriod -> 0, initialPoolSize -> 3, jdbcUrl -> jdbc:mysql://localhost:3306/soccer?useSSL=false&serverTimezone=Hongkong&allowPublicKeyRetrieval=true, maxAdministrativeTaskTime -> 0, maxConnectionAge -> 0, maxIdleTime -> 0, maxIdleTimeExcessConnections -> 0, maxPoolSize -> 15, maxStatements -> 0, maxStatementsPerConnection -> 0, minPoolSize -> 3, numHelperThreads -> 3, preferredTestQuery -> null, privilegeSpawnedThreads -> false, properties -> {user=******, password=******}, propertyCycle -> 0, statementCacheNumDeferredCloseThreads -> 0, testConnectionOnCheckin -> false, testConnectionOnCheckout -> false, unreturnedConnectionTimeout -> 0, userOverrides -> {}, usesTraditionalReflectiveProxies -> false ]
[2019-01-17T00:28:51.051Z] [org.springframework.boot.StartupInfoLogger] [main] [50] [INFO ] Starting SoccerApplication on MSI with PID 13640 (E:\Codes\IDEA\soccer\target\classes started by 10390 in E:\Codes\IDEA\soccer)
[2019-01-17T00:28:51.051Z] [org.springframework.boot.SpringApplication] [main] [675] [INFO ] No active profile set, falling back to default profiles: default
[2019-01-17T00:28:52.052Z] [com.mchange.v2.log.slf4j.Slf4jMLog$Slf4jMLogger$InfoLogger] [MLog-Init-Reporter] [212] [INFO ] MLog clients using slf4j logging.
[2019-01-17T00:28:52.052Z] [com.mchange.v2.log.slf4j.Slf4jMLog$Slf4jMLogger$InfoLogger] [main] [212] [INFO ] Initializing c3p0-0.9.5.2 [built 08-December-2015 22:06:04 -0800; debug? true; trace: 10]
[2019-01-17T00:28:52.052Z] [org.springframework.boot.web.embedded.tomcat.TomcatWebServer] [main] [90] [INFO ] Tomcat initialized with port(s): 8080 (http)
[2019-01-17T00:28:52.052Z] [org.apache.juli.logging.DirectJDKLog] [main] [173] [INFO ] Initializing ProtocolHandler ["http-nio-8080"]
[2019-01-17T00:28:52.052Z] [org.apache.juli.logging.DirectJDKLog] [main] [173] [INFO ] Starting service [Tomcat]
[2019-01-17T00:28:52.052Z] [org.apache.juli.logging.DirectJDKLog] [main] [173] [INFO ] Starting Servlet Engine: Apache Tomcat/9.0.13
[2019-01-17T00:28:52.052Z] [org.apache.juli.logging.DirectJDKLog] [main] [173] [INFO ] The APR based Apache Tomcat Native library which allows optimal performance in production environments was not found on the java.library.path: [D:\Java\Java8\Jdk8\bin;C:\WINDOWS\Sun\Java\bin;C:\WINDOWS\system32;C:\WINDOWS;C:\Program Files (x86)\Common Files\Oracle\Java\javapath;C:\Program Files (x86)\Intel\iCLS Client\;C:\Program Files\Intel\iCLS Client\;C:\Windows\system32;C:\Windows;C:\Windows\System32\Wbem;C:\Windows\System32\WindowsPowerShell\v1.0\;C:\Program Files (x86)\Intel\Intel(R) Management Engine Components\DAL;C:\Program Files\Intel\Intel(R) Management Engine Components\DAL;C:\Program Files (x86)\Intel\Intel(R) Management Engine Components\IPT;C:\Program Files\Intel\Intel(R) Management Engine Components\IPT;C:\Program Files (x86)\NVIDIA Corporation\PhysX\Common;C:\WINDOWS\system32;C:\WINDOWS;C:\WINDOWS\System32\Wbem;C:\WINDOWS\System32\WindowsPowerShell\v1.0\;C:\WINDOWS\System32\OpenSSH\;D:\Java\Java8\Jdk8\bin\;D:\Java\Java8\Jdk8\jre\bin\;D:\Matlab\runtime\win64;D:\Matlab\bin;D:\SPSS\JRE\bin;D:\MySql\Server\MySQL Server 8.0\bin;D:\Git\cmd;D:\Python\Scripts\;D:\Python\;C:\Users\10390\AppData\Local\Microsoft\WindowsApps;;D:\Filder\Fiddler;%USERPROFILE%\AppData\Local\Microsoft\WindowsApps;.]
[2019-01-17T00:28:52.052Z] [org.apache.juli.logging.DirectJDKLog] [main] [173] [INFO ] Initializing Spring embedded WebApplicationContext
[2019-01-17T00:28:52.052Z] [org.springframework.boot.web.servlet.context.ServletWebServerApplicationContext] [main] [296] [INFO ] Root WebApplicationContext: initialization completed in 1049 ms
[2019-01-17T00:28:52.052Z] [org.springframework.scheduling.concurrent.ExecutorConfigurationSupport] [main] [171] [INFO ] Initializing ExecutorService 'applicationTaskExecutor'
[2019-01-17T00:28:52.052Z] [org.springframework.boot.autoconfigure.web.servlet.WelcomePageHandlerMapping] [main] [56] [INFO ] Adding welcome page: class path resource [static/index.html]
[2019-01-17T00:28:53.053Z] [org.apache.juli.logging.DirectJDKLog] [main] [173] [INFO ] Starting ProtocolHandler ["http-nio-8080"]
[2019-01-17T00:28:53.053Z] [org.apache.juli.logging.DirectJDKLog] [main] [173] [INFO ] Using a shared selector for servlet write/read
[2019-01-17T00:28:53.053Z] [org.springframework.boot.web.embedded.tomcat.TomcatWebServer] [main] [204] [INFO ] Tomcat started on port(s): 8080 (http) with context path '/soccer'
[2019-01-17T00:28:53.053Z] [org.springframework.boot.StartupInfoLogger] [main] [59] [INFO ] Started SoccerApplication in 1.943 seconds (JVM running for 2.885)
[2019-01-17T00:36:31.031Z] [org.springframework.boot.StartupInfoLogger] [main] [50] [INFO ] Starting SoccerApplication on MSI with PID 8904 (E:\Codes\IDEA\soccer\target\classes started by 10390 in E:\Codes\IDEA\soccer)
[2019-01-17T00:36:31.031Z] [org.springframework.boot.SpringApplication] [main] [675] [INFO ] No active profile set, falling back to default profiles: default
[2019-01-17T00:36:32.032Z] [com.mchange.v2.log.slf4j.Slf4jMLog$Slf4jMLogger$InfoLogger] [MLog-Init-Reporter] [212] [INFO ] MLog clients using slf4j logging.
[2019-01-17T00:36:32.032Z] [com.mchange.v2.log.slf4j.Slf4jMLog$Slf4jMLogger$InfoLogger] [main] [212] [INFO ] Initializing c3p0-0.9.5.2 [built 08-December-2015 22:06:04 -0800; debug? true; trace: 10]
[2019-01-17T00:36:32.032Z] [org.springframework.boot.web.embedded.tomcat.TomcatWebServer] [main] [90] [INFO ] Tomcat initialized with port(s): 8080 (http)
[2019-01-17T00:36:32.032Z] [org.apache.juli.logging.DirectJDKLog] [main] [173] [INFO ] Initializing ProtocolHandler ["http-nio-8080"]
[2019-01-17T00:36:32.032Z] [org.apache.juli.logging.DirectJDKLog] [main] [173] [INFO ] Starting service [Tomcat]
[2019-01-17T00:36:32.032Z] [org.apache.juli.logging.DirectJDKLog] [main] [173] [INFO ] Starting Servlet Engine: Apache Tomcat/9.0.13
[2019-01-17T00:36:32.032Z] [org.apache.juli.logging.DirectJDKLog] [main] [173] [INFO ] The APR based Apache Tomcat Native library which allows optimal performance in production environments was not found on the java.library.path: [D:\Java\Java8\Jdk8\bin;C:\WINDOWS\Sun\Java\bin;C:\WINDOWS\system32;C:\WINDOWS;C:\Program Files (x86)\Common Files\Oracle\Java\javapath;C:\Program Files (x86)\Intel\iCLS Client\;C:\Program Files\Intel\iCLS Client\;C:\Windows\system32;C:\Windows;C:\Windows\System32\Wbem;C:\Windows\System32\WindowsPowerShell\v1.0\;C:\Program Files (x86)\Intel\Intel(R) Management Engine Components\DAL;C:\Program Files\Intel\Intel(R) Management Engine Components\DAL;C:\Program Files (x86)\Intel\Intel(R) Management Engine Components\IPT;C:\Program Files\Intel\Intel(R) Management Engine Components\IPT;C:\Program Files (x86)\NVIDIA Corporation\PhysX\Common;C:\WINDOWS\system32;C:\WINDOWS;C:\WINDOWS\System32\Wbem;C:\WINDOWS\System32\WindowsPowerShell\v1.0\;C:\WINDOWS\System32\OpenSSH\;D:\Java\Java8\Jdk8\bin\;D:\Java\Java8\Jdk8\jre\bin\;D:\Matlab\runtime\win64;D:\Matlab\bin;D:\SPSS\JRE\bin;D:\MySql\Server\MySQL Server 8.0\bin;D:\Git\cmd;D:\Python\Scripts\;D:\Python\;C:\Users\10390\AppData\Local\Microsoft\WindowsApps;;D:\Filder\Fiddler;%USERPROFILE%\AppData\Local\Microsoft\WindowsApps;.]
[2019-01-17T00:36:32.032Z] [org.apache.juli.logging.DirectJDKLog] [main] [173] [INFO ] Initializing Spring embedded WebApplicationContext
[2019-01-17T00:36:32.032Z] [org.springframework.boot.web.servlet.context.ServletWebServerApplicationContext] [main] [296] [INFO ] Root WebApplicationContext: initialization completed in 1319 ms
[2019-01-17T00:36:32.032Z] [org.springframework.scheduling.concurrent.ExecutorConfigurationSupport] [main] [171] [INFO ] Initializing ExecutorService 'applicationTaskExecutor'
[2019-01-17T00:36:32.032Z] [org.springframework.boot.autoconfigure.web.servlet.WelcomePageHandlerMapping] [main] [56] [INFO ] Adding welcome page: class path resource [static/index.html]
[2019-01-17T00:36:32.032Z] [org.apache.juli.logging.DirectJDKLog] [main] [173] [INFO ] Starting ProtocolHandler ["http-nio-8080"]
[2019-01-17T00:36:32.032Z] [org.apache.juli.logging.DirectJDKLog] [main] [173] [INFO ] Using a shared selector for servlet write/read
[2019-01-17T00:36:32.032Z] [org.springframework.boot.web.embedded.tomcat.TomcatWebServer] [main] [204] [INFO ] Tomcat started on port(s): 8080 (http) with context path '/soccer'
[2019-01-17T00:36:32.032Z] [org.springframework.boot.StartupInfoLogger] [main] [59] [INFO ] Started SoccerApplication in 2.284 seconds (JVM running for 3.328)
[2019-01-17T00:36:35.035Z] [org.apache.juli.logging.DirectJDKLog] [http-nio-8080-exec-1] [173] [INFO ] Initializing Spring DispatcherServlet 'dispatcherServlet'
[2019-01-17T00:36:35.035Z] [org.springframework.web.servlet.FrameworkServlet] [http-nio-8080-exec-1] [524] [INFO ] Initializing Servlet 'dispatcherServlet'
[2019-01-17T00:36:35.035Z] [org.springframework.web.servlet.FrameworkServlet] [http-nio-8080-exec-1] [546] [INFO ] Completed initialization in 16 ms
[2019-01-17T00:36:35.035Z] [nchu.software.soccer.controller.PrimaryTurnController] [http-nio-8080-exec-1] [17] [INFO ] 用户访问:1547656595560
[2019-01-17T00:36:35.035Z] [com.mchange.v2.log.slf4j.Slf4jMLog$Slf4jMLogger$InfoLogger] [http-nio-8080-exec-5] [212] [INFO ] Initializing c3p0 pool... com.mchange.v2.c3p0.ComboPooledDataSource [ acquireIncrement -> 3, acquireRetryAttempts -> 30, acquireRetryDelay -> 1000, autoCommitOnClose -> false, automaticTestTable -> null, breakAfterAcquireFailure -> false, checkoutTimeout -> 0, connectionCustomizerClassName -> null, connectionTesterClassName -> com.mchange.v2.c3p0.impl.DefaultConnectionTester, contextClassLoaderSource -> caller, dataSourceName -> 2t22vxa0oa861kohc9yv|4eed46ee, debugUnreturnedConnectionStackTraces -> false, description -> null, driverClass -> com.mysql.cj.jdbc.Driver, extensions -> {}, factoryClassLocation -> null, forceIgnoreUnresolvedTransactions -> false, forceSynchronousCheckins -> false, forceUseNamedDriverClass -> false, identityToken -> 2t22vxa0oa861kohc9yv|4eed46ee, idleConnectionTestPeriod -> 0, initialPoolSize -> 3, jdbcUrl -> jdbc:mysql://localhost:3306/soccer?useSSL=false&serverTimezone=Hongkong&allowPublicKeyRetrieval=true, maxAdministrativeTaskTime -> 0, maxConnectionAge -> 0, maxIdleTime -> 0, maxIdleTimeExcessConnections -> 0, maxPoolSize -> 15, maxStatements -> 0, maxStatementsPerConnection -> 0, minPoolSize -> 3, numHelperThreads -> 3, preferredTestQuery -> null, privilegeSpawnedThreads -> false, properties -> {user=******, password=******}, propertyCycle -> 0, statementCacheNumDeferredCloseThreads -> 0, testConnectionOnCheckin -> false, testConnectionOnCheckout -> false, unreturnedConnectionTimeout -> 0, userOverrides -> {}, usesTraditionalReflectiveProxies -> false ]
[2019-01-17T00:36:36.036Z] [nchu.software.soccer.controller.PrimaryTurnController] [http-nio-8080-exec-7] [17] [INFO ] 用户访问:1547656595560
